<?xml version="1.0" encoding="UTF-8"?>
<testsuite xmlns:xsi="http://www.w3.org/2001/XMLSchema-instance" xsi:noNamespaceSchemaLocation="https://maven.apache.org/surefire/maven-surefire-plugin/xsd/surefire-test-report-3.0.xsd" version="3.0" name="rag.HistoryReborn" time="27046.41" tests="1" errors="0" skipped="0" failures="0">
  <properties>
[...]
</properties>
  <testcase name="historyLinks" classname="rag.HistoryReborn" time="27040.82">
    <system-out><![CDATA[
Resultado:[]
========================================================================================
-> Falha ID: 45533
========================================================================================
-> Falha ID: 45534
========================================================================================
-> Falha ID: 45535
========================================================================================
-> Falha ID: 45536
========================================================================================
-> Falha ID: 45537
========================================================================================
-> Falha ID: 45538
========================================================================================
-> Falha ID: 45539
========================================================================================
-> Falha ID: 45540
========================================================================================
-> Falha ID: 45541
========================================================================================
-> Falha ID: 45542
========================================================================================
-> Falha ID: 45543
========================================================================================
-> Falha ID: 45544
========================================================================================
-> Falha ID: 45545
========================================================================================
-> Falha ID: 45546
========================================================================================
-> Falha ID: 45547
========================================================================================
-> Falha ID: 45548
========================================================================================
-> Falha ID: 45549
========================================================================================
-> Falha ID: 45550
========================================================================================
-> Falha ID: 45551
========================================================================================
-> Falha ID: 45552
========================================================================================
-> Falha ID: 45553
========================================================================================
-> Falha ID: 45554
========================================================================================
-> Falha ID: 45555
========================================================================================
-> Falha ID: 45556
========================================================================================
-> Falha ID: 45557
========================================================================================
-> Falha ID: 45558
========================================================================================
-> Falha ID: 45559
========================================================================================
-> Falha ID: 45560
========================================================================================
-> Falha ID: 45561
========================================================================================
-> Falha ID: 45562
========================================================================================
-> Falha ID: 45563
========================================================================================
-> Falha ID: 45564
========================================================================================
-> Falha ID: 45565
========================================================================================
-> Falha ID: 45566
========================================================================================
-> Falha ID: 45567
========================================================================================
-> Falha ID: 45568
========================================================================================
-> Falha ID: 45569
========================================================================================
-> Falha ID: 45570
========================================================================================
-> Falha ID: 45571
========================================================================================
-> Falha ID: 45572
========================================================================================
-> Falha ID: 45573
========================================================================================
-> Falha ID: 45574
========================================================================================
-> Falha ID: 45575
========================================================================================
-> Falha ID: 45576
========================================================================================
-> Falha ID: 45577
========================================================================================
-> Falha ID: 45578
========================================================================================
-> Falha ID: 45579
========================================================================================
-> Falha ID: 45580
========================================================================================
-> Falha ID: 45581
========================================================================================
-> Falha ID: 45582
========================================================================================
-> Falha ID: 45583
========================================================================================
-> Falha ID: 45584
========================================================================================
-> Falha ID: 45585
========================================================================================
-> Falha ID: 45586
========================================================================================
-> Falha ID: 45587
========================================================================================
-> Falha ID: 45588
========================================================================================
-> Falha ID: 45589
========================================================================================
-> Falha ID: 45590
========================================================================================
-> Falha ID: 45591
========================================================================================
-> Falha ID: 45592
========================================================================================
-> Falha ID: 45593
========================================================================================
-> Falha ID: 45594
========================================================================================
-> Falha ID: 45595
========================================================================================
-> Falha ID: 45596
========================================================================================
-> Falha ID: 45597
========================================================================================
-> Falha ID: 45598
========================================================================================
-> Falha ID: 45599
========================================================================================
-> Falha ID: 45600
========================================================================================
-> Falha ID: 45601
========================================================================================
-> Falha ID: 45602
========================================================================================
-> Falha ID: 45603
========================================================================================
-> Falha ID: 45604
========================================================================================
-> Falha ID: 45605
========================================================================================
-> Falha ID: 45606
========================================================================================
-> Falha ID: 45607
========================================================================================
-> Falha ID: 45608
========================================================================================
-> Falha ID: 45609
========================================================================================
-> Falha ID: 45610
========================================================================================
-> Falha ID: 45611
========================================================================================
-> Falha ID: 45612
========================================================================================
-> Falha ID: 45613
========================================================================================
-> Falha ID: 45614
========================================================================================
-> Falha ID: 45615
========================================================================================
-> Falha ID: 45616
========================================================================================
-> Falha ID: 45617
========================================================================================
-> Falha ID: 45618
========================================================================================
-> Falha ID: 45619
========================================================================================
-> Falha ID: 45620
========================================================================================
-> Falha ID: 45621
========================================================================================
-> Falha ID: 45622
========================================================================================
-> Falha ID: 45623
========================================================================================
-> Falha ID: 45624
========================================================================================
-> Falha ID: 45625
========================================================================================
-> Falha ID: 45626
========================================================================================
-> Falha ID: 45627
========================================================================================
-> Falha ID: 45628
========================================================================================
-> Falha ID: 45629
========================================================================================
-> Falha ID: 45630
========================================================================================
-> Falha ID: 45631
========================================================================================
-> Falha ID: 45632
========================================================================================
-> Falha ID: 45633
========================================================================================
-> Falha ID: 45634
========================================================================================
-> Falha ID: 45635
========================================================================================
-> Falha ID: 45636
========================================================================================
-> Falha ID: 45637
========================================================================================
-> Falha ID: 45638
========================================================================================
-> Falha ID: 45639
========================================================================================
-> Falha ID: 45640
========================================================================================
-> Falha ID: 45641
========================================================================================
-> Falha ID: 45642
========================================================================================
-> Falha ID: 45643
========================================================================================
-> Falha ID: 45644
========================================================================================
-> Falha ID: 45645
========================================================================================
-> Falha ID: 45646
========================================================================================
-> Falha ID: 45647
========================================================================================
-> Falha ID: 45648
========================================================================================
-> Falha ID: 45649
========================================================================================
-> Falha ID: 45650
========================================================================================
-> Falha ID: 45651
========================================================================================
-> Falha ID: 45652
========================================================================================
-> Falha ID: 45653
========================================================================================
-> Falha ID: 45654
========================================================================================
-> Falha ID: 45655
========================================================================================
-> Falha ID: 45656
========================================================================================
-> Falha ID: 45657
========================================================================================
-> Falha ID: 45658
========================================================================================
-> Falha ID: 45659
========================================================================================
-> Falha ID: 45660
========================================================================================
-> Falha ID: 45661
========================================================================================
-> Falha ID: 45662
========================================================================================
-> Falha ID: 45663
========================================================================================
-> Falha ID: 45664
========================================================================================
-> Falha ID: 45665
========================================================================================
-> Falha ID: 45666
========================================================================================
-> Falha ID: 45667
========================================================================================
-> Falha ID: 45668
========================================================================================
-> Falha ID: 45669
========================================================================================
-> Falha ID: 45670
========================================================================================
-> Falha ID: 45671
========================================================================================
-> Falha ID: 45672
========================================================================================
-> Falha ID: 45673
========================================================================================
-> Falha ID: 45674
========================================================================================
-> Falha ID: 45675
========================================================================================
-> Falha ID: 45676
========================================================================================
-> Falha ID: 45677
========================================================================================
-> Falha ID: 45678
========================================================================================
-> Falha ID: 45679
========================================================================================
-> Falha ID: 45680
========================================================================================
-> Falha ID: 45681
========================================================================================
-> Falha ID: 45682
========================================================================================
-> Falha ID: 45683
========================================================================================
-> Falha ID: 45684
========================================================================================
-> Falha ID: 45685
========================================================================================
-> Falha ID: 45686
========================================================================================
-> Falha ID: 45687
========================================================================================
-> Falha ID: 45688
========================================================================================
-> Falha ID: 45689
========================================================================================
-> Falha ID: 45690
========================================================================================
-> Falha ID: 45691
========================================================================================
-> Falha ID: 45692
========================================================================================
-> Falha ID: 45693
========================================================================================
-> Falha ID: 45694
========================================================================================
-> Falha ID: 45695
========================================================================================
-> Falha ID: 45696
========================================================================================
-> Falha ID: 45697
========================================================================================
-> Falha ID: 45698
========================================================================================
-> Falha ID: 45699
========================================================================================
-> Falha ID: 45700
========================================================================================
-> Falha ID: 45701
========================================================================================
-> Falha ID: 45702
========================================================================================
-> Falha ID: 45703
========================================================================================
-> Falha ID: 45704
========================================================================================
-> Falha ID: 45705
========================================================================================
-> Falha ID: 45706
========================================================================================
-> Falha ID: 45707
========================================================================================
-> Falha ID: 45708
========================================================================================
-> Falha ID: 45709
========================================================================================
-> Falha ID: 45710
========================================================================================
-> Falha ID: 45711
========================================================================================
-> Falha ID: 45712
========================================================================================
-> Falha ID: 45713
========================================================================================
-> Falha ID: 45714
========================================================================================
-> Falha ID: 45715
========================================================================================
-> Falha ID: 45716
========================================================================================
-> Falha ID: 45717
========================================================================================
-> Falha ID: 45718
========================================================================================
-> Falha ID: 45719
========================================================================================
-> Falha ID: 45720
========================================================================================
-> Falha ID: 45721
========================================================================================
-> Falha ID: 45722
========================================================================================
-> Falha ID: 45723
========================================================================================
-> Falha ID: 45724
========================================================================================
-> Falha ID: 45725
========================================================================================
-> Falha ID: 45726
========================================================================================
-> Falha ID: 45727
========================================================================================
-> Falha ID: 45728
========================================================================================
-> Falha ID: 45729
========================================================================================
-> Falha ID: 45730
========================================================================================
-> Falha ID: 45731
========================================================================================
-> Falha ID: 45732
========================================================================================
-> Falha ID: 45733
========================================================================================
-> Falha ID: 45734
========================================================================================
-> Falha ID: 45735
========================================================================================
-> Falha ID: 45736
========================================================================================
-> Falha ID: 45737
========================================================================================
-> Falha ID: 45738
========================================================================================
-> Falha ID: 45739
========================================================================================
-> Falha ID: 45740
========================================================================================
-> Falha ID: 45741
========================================================================================
-> Falha ID: 45742
========================================================================================
-> Falha ID: 45743
========================================================================================
-> Falha ID: 45744
========================================================================================
-> Falha ID: 45745
========================================================================================
-> Falha ID: 45746
========================================================================================
-> Falha ID: 45747
========================================================================================
-> Falha ID: 45748
========================================================================================
-> Falha ID: 45749
========================================================================================
-> Falha ID: 45750
========================================================================================
-> Falha ID: 45751
========================================================================================
-> Falha ID: 45752
========================================================================================
-> Falha ID: 45753
========================================================================================
-> Falha ID: 45754
========================================================================================
-> Falha ID: 45755
========================================================================================
-> Falha ID: 45756
========================================================================================
-> Falha ID: 45757
========================================================================================
-> Falha ID: 45758
========================================================================================
-> Falha ID: 45759
========================================================================================
-> Falha ID: 45760
========================================================================================
-> Falha ID: 45761
========================================================================================
-> Falha ID: 45762
========================================================================================
-> Falha ID: 45763
========================================================================================
-> Falha ID: 45764
========================================================================================
-> Falha ID: 45765
========================================================================================
-> Falha ID: 45766
========================================================================================
-> Falha ID: 45767
========================================================================================
-> Falha ID: 45768
========================================================================================
-> Falha ID: 45769
========================================================================================
-> Falha ID: 45770
========================================================================================
-> Falha ID: 45771
========================================================================================
-> Falha ID: 45772
========================================================================================
-> Falha ID: 45773
========================================================================================
-> Falha ID: 45774
========================================================================================
-> Falha ID: 45775
========================================================================================
-> Falha ID: 45776
========================================================================================
-> Falha ID: 45777
========================================================================================
-> Falha ID: 45778
========================================================================================
-> Falha ID: 45779
========================================================================================
-> Falha ID: 45780
========================================================================================
-> Falha ID: 45781
========================================================================================
-> Falha ID: 45782
========================================================================================
-> Falha ID: 45783
========================================================================================
-> Falha ID: 45784
========================================================================================
-> Falha ID: 45785
========================================================================================
-> Falha ID: 45786
========================================================================================
-> Falha ID: 45787
========================================================================================
-> Falha ID: 45788
========================================================================================
-> Falha ID: 45789
========================================================================================
-> Falha ID: 45790
========================================================================================
-> Falha ID: 45791
========================================================================================
-> Falha ID: 45792
========================================================================================
-> Falha ID: 45793
========================================================================================
-> Falha ID: 45794
========================================================================================
-> Falha ID: 45795
========================================================================================
-> Falha ID: 45796
========================================================================================
-> Falha ID: 45797
========================================================================================
-> Falha ID: 45798
========================================================================================
-> Falha ID: 45799
========================================================================================
-> Falha ID: 45800
========================================================================================
-> Falha ID: 45801
========================================================================================
-> Falha ID: 45802
========================================================================================
-> Falha ID: 45803
========================================================================================
-> Falha ID: 45804
========================================================================================
-> Falha ID: 45805
========================================================================================
-> Falha ID: 45806
========================================================================================
-> Falha ID: 45807
========================================================================================
-> Falha ID: 45808
========================================================================================
-> Falha ID: 45809
========================================================================================
-> Falha ID: 45810
========================================================================================
-> Falha ID: 45811
========================================================================================
-> Falha ID: 45812
========================================================================================
-> Falha ID: 45813
========================================================================================
-> Falha ID: 45814
========================================================================================
-> Falha ID: 45815
========================================================================================
-> Falha ID: 45816
========================================================================================
-> Falha ID: 45817
========================================================================================
-> Falha ID: 45818
========================================================================================
-> Falha ID: 45819
========================================================================================
-> Falha ID: 45820
========================================================================================
-> Falha ID: 45821
========================================================================================
-> Falha ID: 45822
========================================================================================
-> Falha ID: 45823
========================================================================================
-> Falha ID: 45824
========================================================================================
-> Falha ID: 45825
========================================================================================
-> Falha ID: 45826
========================================================================================
-> Falha ID: 45827
========================================================================================
-> Falha ID: 45828
========================================================================================
-> Falha ID: 45829
========================================================================================
-> Falha ID: 45830
========================================================================================
-> Falha ID: 45831
========================================================================================
-> Falha ID: 45832
========================================================================================
-> Falha ID: 45833
========================================================================================
-> Falha ID: 45834
========================================================================================
-> Falha ID: 45835
========================================================================================
-> Falha ID: 45836
========================================================================================
-> Falha ID: 45837
========================================================================================
-> Falha ID: 45838
========================================================================================
-> Falha ID: 45839
========================================================================================
-> Falha ID: 45840
========================================================================================
-> Falha ID: 45841
========================================================================================
-> Falha ID: 45842
========================================================================================
-> Falha ID: 45843
========================================================================================
-> Falha ID: 45844
========================================================================================
-> Falha ID: 45845
========================================================================================
-> Falha ID: 45846
========================================================================================
-> Falha ID: 45847
========================================================================================
-> Falha ID: 45848
========================================================================================
-> Falha ID: 45849
========================================================================================
-> Falha ID: 45850
========================================================================================
-> Falha ID: 45851
========================================================================================
-> Falha ID: 45852
========================================================================================
-> Falha ID: 45853
========================================================================================
-> Falha ID: 45854
========================================================================================
-> Falha ID: 45855
========================================================================================
-> Falha ID: 45856
========================================================================================
-> Falha ID: 45857
========================================================================================
-> Falha ID: 45858
========================================================================================
-> Falha ID: 45859
========================================================================================
-> Falha ID: 45860
========================================================================================
-> Falha ID: 45861
========================================================================================
-> Falha ID: 45862
========================================================================================
-> Falha ID: 45863
========================================================================================
-> Falha ID: 45864
========================================================================================
-> Falha ID: 45865
========================================================================================
-> Falha ID: 45866
========================================================================================
-> Falha ID: 45867
========================================================================================
-> Falha ID: 45868
========================================================================================
-> Falha ID: 45869
========================================================================================
-> Falha ID: 45870
========================================================================================
-> Falha ID: 45871
========================================================================================
-> Falha ID: 45872
========================================================================================
-> Falha ID: 45873
========================================================================================
-> Falha ID: 45874
========================================================================================
-> Falha ID: 45875
========================================================================================
-> Falha ID: 45876
========================================================================================
-> Falha ID: 45877
========================================================================================
-> Falha ID: 45878
========================================================================================
-> Falha ID: 45879
========================================================================================
-> Falha ID: 45880
========================================================================================
-> Falha ID: 45881
========================================================================================
-> Falha ID: 45882
========================================================================================
-> Falha ID: 45883
========================================================================================
-> Falha ID: 45884
========================================================================================
-> Falha ID: 45885
========================================================================================
-> Falha ID: 45886
========================================================================================
-> Falha ID: 45887
========================================================================================
-> Falha ID: 45888
========================================================================================
-> Falha ID: 45889
========================================================================================
-> Falha ID: 45890
========================================================================================
-> Falha ID: 45891
========================================================================================
-> Falha ID: 45892
========================================================================================
-> Falha ID: 45893
========================================================================================
-> Falha ID: 45894
========================================================================================
-> Falha ID: 45895
========================================================================================
-> Falha ID: 45896
========================================================================================
-> Falha ID: 45897
========================================================================================
-> Falha ID: 45898
========================================================================================
-> Falha ID: 45899
========================================================================================
-> Falha ID: 45900
========================================================================================
-> Falha ID: 45901
========================================================================================
-> Falha ID: 45902
========================================================================================
-> Falha ID: 45903
========================================================================================
-> Falha ID: 45904
========================================================================================
-> Falha ID: 45905
========================================================================================
-> Falha ID: 45906
========================================================================================
-> Falha ID: 45907
========================================================================================
-> Falha ID: 45908
========================================================================================
-> Falha ID: 45909
========================================================================================
-> Falha ID: 45910
========================================================================================
-> Falha ID: 45911
========================================================================================
-> Falha ID: 45912
========================================================================================
-> Falha ID: 45913
========================================================================================
-> Falha ID: 45914
========================================================================================
-> Falha ID: 45915
========================================================================================
-> Falha ID: 45916
========================================================================================
-> Falha ID: 45917
========================================================================================
-> Falha ID: 45918
========================================================================================
-> Falha ID: 45919
========================================================================================
-> Falha ID: 45920
========================================================================================
-> Falha ID: 45921
========================================================================================
-> Falha ID: 45922
========================================================================================
-> Falha ID: 45923
========================================================================================
-> Falha ID: 45924
========================================================================================
-> Falha ID: 45925
========================================================================================
-> Falha ID: 45926
========================================================================================
-> Falha ID: 45927
========================================================================================
-> Falha ID: 45928
========================================================================================
-> Falha ID: 45929
========================================================================================
-> Falha ID: 45930
========================================================================================
-> Falha ID: 45931
========================================================================================
-> Falha ID: 45932
========================================================================================
-> Falha ID: 45933
========================================================================================
-> Falha ID: 45934
========================================================================================
-> Falha ID: 45935
========================================================================================
-> Falha ID: 45936
========================================================================================
-> Falha ID: 45937
========================================================================================
-> Falha ID: 45938
========================================================================================
-> Falha ID: 45939
========================================================================================
-> Falha ID: 45940
========================================================================================
-> Falha ID: 45941
========================================================================================
-> Falha ID: 45942
========================================================================================
-> Falha ID: 45943
========================================================================================
-> Falha ID: 45944
========================================================================================
-> Falha ID: 45945
========================================================================================
-> Falha ID: 45946
========================================================================================
-> Falha ID: 45947
========================================================================================
-> Falha ID: 45948
========================================================================================
-> Falha ID: 45949
========================================================================================
-> Falha ID: 45950
========================================================================================
-> Falha ID: 45951
========================================================================================
-> Falha ID: 45952
========================================================================================
-> Falha ID: 45953
========================================================================================
-> Falha ID: 45954
========================================================================================
-> Falha ID: 45955
========================================================================================
-> Falha ID: 45956
========================================================================================
-> Falha ID: 45957
========================================================================================
-> Falha ID: 45958
========================================================================================
-> Falha ID: 45959
========================================================================================
-> Falha ID: 45960
========================================================================================
-> Falha ID: 45961
========================================================================================
-> Falha ID: 45962
========================================================================================
-> Falha ID: 45963
========================================================================================
-> Falha ID: 45964
========================================================================================
-> Falha ID: 45965
========================================================================================
-> Falha ID: 45966
========================================================================================
-> Falha ID: 45967
========================================================================================
-> Falha ID: 45968
========================================================================================
-> Falha ID: 45969
========================================================================================
-> Falha ID: 45970
========================================================================================
-> Falha ID: 45971
========================================================================================
-> Falha ID: 45972
========================================================================================
-> Falha ID: 45973
========================================================================================
-> Falha ID: 45974
========================================================================================
-> Falha ID: 45975
========================================================================================
-> Falha ID: 45976
========================================================================================
-> Falha ID: 45977
========================================================================================
-> Falha ID: 45978
========================================================================================
-> Falha ID: 45979
========================================================================================
-> Falha ID: 45980
========================================================================================
-> Falha ID: 45981
========================================================================================
-> Falha ID: 45982
========================================================================================
-> Falha ID: 45983
========================================================================================
-> Falha ID: 45984
========================================================================================
-> Falha ID: 45985
========================================================================================
-> Falha ID: 45986
========================================================================================
-> Falha ID: 45987
========================================================================================
-> Falha ID: 45988
========================================================================================
-> Falha ID: 45989
========================================================================================
-> Falha ID: 45990
========================================================================================
-> Falha ID: 45991
========================================================================================
-> Falha ID: 45992
========================================================================================
-> Falha ID: 45993
========================================================================================
-> Falha ID: 45994
========================================================================================
-> Falha ID: 45995
========================================================================================
-> Falha ID: 45996
========================================================================================
-> Falha ID: 45997
========================================================================================
-> Falha ID: 45998
========================================================================================
-> Falha ID: 45999
========================================================================================
-> Falha ID: 46000
========================================================================================
Sem Vendas: 46001
========================================================================================
Sem Vendas: 46002
========================================================================================
Sem Vendas: 46003
========================================================================================
Sem Vendas: 46004
========================================================================================
Sem Vendas: 46005
========================================================================================
Sem Vendas: 46006
========================================================================================
Sem Vendas: 46007
========================================================================================
Sem Vendas: 46008
========================================================================================
Sem Vendas: 46009
========================================================================================
Sem Vendas: 46010
========================================================================================
Sem Vendas: 46011
========================================================================================
Sem Vendas: 46012
========================================================================================
Sem Vendas: 46013
========================================================================================
Sem Vendas: 46014
========================================================================================
Sem Vendas: 46015
========================================================================================
Sem Vendas: 46016
========================================================================================
Sem Vendas: 46017
========================================================================================
Sem Vendas: 46018
========================================================================================
Sem Vendas: 46019
========================================================================================
Sem Vendas: 46020
========================================================================================
Sem Vendas: 46021
========================================================================================
Sem Vendas: 46022
========================================================================================
Sem Vendas: 46023
========================================================================================
Sem Vendas: 46024
========================================================================================
Sem Vendas: 46025
========================================================================================
Sem Vendas: 46026
========================================================================================
Sem Vendas: 46027
========================================================================================
Sem Vendas: 46028
========================================================================================
Sem Vendas: 46029
========================================================================================
Sem Vendas: 46030
========================================================================================
Sem Vendas: 46031
========================================================================================
Sem Vendas: 46032
========================================================================================
Sem Vendas: 46033
========================================================================================
-> Falha ID: 46034
========================================================================================
-> Falha ID: 46035
========================================================================================
-> Falha ID: 46036
========================================================================================
-> Falha ID: 46037
========================================================================================
-> Falha ID: 46038
========================================================================================
-> Falha ID: 46039
========================================================================================
Sem Vendas: 46040
========================================================================================
-> Falha ID: 46041
========================================================================================
-> Falha ID: 46042
========================================================================================
-> Falha ID: 46043
========================================================================================
-> Falha ID: 46044
========================================================================================
-> Falha ID: 46045
========================================================================================
-> Falha ID: 46046
========================================================================================
-> Falha ID: 46047
========================================================================================
-> Falha ID: 46048
========================================================================================
-> Falha ID: 46049
========================================================================================
Sem Vendas: 46050
========================================================================================
Sem Vendas: 46051
========================================================================================
Sem Vendas: 46052
========================================================================================
Sem Vendas: 46053
========================================================================================
Sem Vendas: 46054
========================================================================================
-> Falha ID: 46055
========================================================================================
-> Falha ID: 46056
========================================================================================
-> Falha ID: 46057
========================================================================================
-> Falha ID: 46058
========================================================================================
-> Falha ID: 46059
========================================================================================
-> Falha ID: 46060
========================================================================================
-> Falha ID: 46061
========================================================================================
-> Falha ID: 46062
========================================================================================
-> Falha ID: 46063
========================================================================================
-> Falha ID: 46064
========================================================================================
-> Falha ID: 46065
========================================================================================
-> Falha ID: 46066
========================================================================================
Sem Vendas: 46067
========================================================================================
Sem Vendas: 46068
========================================================================================
Sem Vendas: 46069
========================================================================================
Sem Vendas: 46070
========================================================================================
-> Falha ID: 46071
========================================================================================
Sem Vendas: 46072
========================================================================================
Sem Vendas: 46073
========================================================================================
Sem Vendas: 46074
========================================================================================
Sem Vendas: 46075
========================================================================================
Sem Vendas: 46076
========================================================================================
Sem Vendas: 46077
========================================================================================
Sem Vendas: 46078
========================================================================================
Sem Vendas: 46079
========================================================================================
Sem Vendas: 46080
========================================================================================
Sem Vendas: 46081
========================================================================================
Sem Vendas: 46082
========================================================================================
-> Falha ID: 46083
========================================================================================
-> Falha ID: 46084
========================================================================================
-> Falha ID: 46085
========================================================================================
-> Falha ID: 46086
========================================================================================
-> Falha ID: 46087
========================================================================================
-> Falha ID: 46088
========================================================================================
-> Falha ID: 46089
========================================================================================
-> Falha ID: 46090
========================================================================================
-> Falha ID: 46091
========================================================================================
-> Falha ID: 46092
========================================================================================
-> Falha ID: 46093
========================================================================================
-> Falha ID: 46094
========================================================================================
-> Falha ID: 46095
========================================================================================
-> Falha ID: 46096
========================================================================================
-> Falha ID: 46097
========================================================================================
-> Falha ID: 46098
========================================================================================
-> Falha ID: 46099
========================================================================================
-> Falha ID: 46100
========================================================================================
-> Falha ID: 46101
========================================================================================
-> Falha ID: 46102
========================================================================================
Sem Vendas: 46103
========================================================================================
Sem Vendas: 46104
========================================================================================
-> Falha ID: 46105
========================================================================================
Sem Vendas: 46106
========================================================================================
Sem Vendas: 46107
========================================================================================
-> Falha ID: 46108
========================================================================================
-> Falha ID: 46109
========================================================================================
-> Falha ID: 46110
========================================================================================
-> Falha ID: 46111
========================================================================================
-> Falha ID: 46112
========================================================================================
-> Falha ID: 46113
========================================================================================
-> Falha ID: 46114
========================================================================================
-> Falha ID: 46115
========================================================================================
-> Falha ID: 46116
========================================================================================
-> Falha ID: 46117
========================================================================================
-> Falha ID: 46118
========================================================================================
-> Falha ID: 46119
========================================================================================
Sem Vendas: 46120
========================================================================================
Sem Vendas: 46121
========================================================================================
Sem Vendas: 46122
========================================================================================
Sem Vendas: 46123
========================================================================================
Sem Vendas: 46124
========================================================================================
Sem Vendas: 46125
========================================================================================
Sem Vendas: 46126
========================================================================================
Sem Vendas: 46127
========================================================================================
Sem Vendas: 46128
========================================================================================
Sem Vendas: 46129
========================================================================================
Sem Vendas: 46130
========================================================================================
-> Falha ID: 46131
========================================================================================
-> Falha ID: 46132
========================================================================================
-> Falha ID: 46133
========================================================================================
-> Falha ID: 46134
========================================================================================
-> Falha ID: 46135
========================================================================================
-> Falha ID: 46136
========================================================================================
-> Falha ID: 46137
========================================================================================
-> Falha ID: 46138
========================================================================================
-> Falha ID: 46139
========================================================================================
-> Falha ID: 46140
========================================================================================
-> Falha ID: 46141
========================================================================================
-> Falha ID: 46142
========================================================================================
-> Falha ID: 46143
========================================================================================
-> Falha ID: 46144
========================================================================================
-> Falha ID: 46145
========================================================================================
-> Falha ID: 46146
========================================================================================
-> Falha ID: 46147
========================================================================================
-> Falha ID: 46148
========================================================================================
-> Falha ID: 46149
========================================================================================
-> Falha ID: 46150
========================================================================================
-> Falha ID: 46151
========================================================================================
-> Falha ID: 46152
========================================================================================
-> Falha ID: 46153
========================================================================================
-> Falha ID: 46154
========================================================================================
-> Falha ID: 46155
========================================================================================
-> Falha ID: 46156
========================================================================================
-> Falha ID: 46157
========================================================================================
-> Falha ID: 46158
========================================================================================
-> Falha ID: 46159
========================================================================================
-> Falha ID: 46160
========================================================================================
-> Falha ID: 46161
========================================================================================
-> Falha ID: 46162
========================================================================================
-> Falha ID: 46163
========================================================================================
-> Falha ID: 46164
========================================================================================
-> Falha ID: 46165
========================================================================================
-> Falha ID: 46166
========================================================================================
-> Falha ID: 46167
========================================================================================
-> Falha ID: 46168
========================================================================================
-> Falha ID: 46169
========================================================================================
-> Falha ID: 46170
========================================================================================
-> Falha ID: 46171
========================================================================================
-> Falha ID: 46172
========================================================================================
-> Falha ID: 46173
========================================================================================
-> Falha ID: 46174
========================================================================================
-> Falha ID: 46175
========================================================================================
-> Falha ID: 46176
========================================================================================
-> Falha ID: 46177
========================================================================================
-> Falha ID: 46178
========================================================================================
-> Falha ID: 46179
========================================================================================
-> Falha ID: 46180
========================================================================================
-> Falha ID: 46181
========================================================================================
-> Falha ID: 46182
========================================================================================
-> Falha ID: 46183
========================================================================================
-> Falha ID: 46184
========================================================================================
-> Falha ID: 46185
========================================================================================
-> Falha ID: 46186
========================================================================================
-> Falha ID: 46187
========================================================================================
-> Falha ID: 46188
========================================================================================
-> Falha ID: 46189
========================================================================================
-> Falha ID: 46190
========================================================================================
-> Falha ID: 46191
========================================================================================
-> Falha ID: 46192
========================================================================================
-> Falha ID: 46193
========================================================================================
-> Falha ID: 46194
========================================================================================
-> Falha ID: 46195
========================================================================================
-> Falha ID: 46196
========================================================================================
-> Falha ID: 46197
========================================================================================
-> Falha ID: 46198
========================================================================================
-> Falha ID: 46199
========================================================================================
-> Falha ID: 46200
========================================================================================
-> Falha ID: 46201
========================================================================================
-> Falha ID: 46202
========================================================================================
-> Falha ID: 46203
========================================================================================
-> Falha ID: 46204
========================================================================================
-> Falha ID: 46205
========================================================================================
-> Falha ID: 46206
========================================================================================
-> Falha ID: 46207
========================================================================================
-> Falha ID: 46208
========================================================================================
-> Falha ID: 46209
========================================================================================
-> Falha ID: 46210
========================================================================================
-> Falha ID: 46211
========================================================================================
-> Falha ID: 46212
========================================================================================
-> Falha ID: 46213
========================================================================================
-> Falha ID: 46214
========================================================================================
-> Falha ID: 46215
========================================================================================
-> Falha ID: 46216
========================================================================================
-> Falha ID: 46217
========================================================================================
-> Falha ID: 46218
========================================================================================
-> Falha ID: 46219
========================================================================================
-> Falha ID: 46220
========================================================================================
-> Falha ID: 46221
========================================================================================
-> Falha ID: 46222
========================================================================================
-> Falha ID: 46223
========================================================================================
-> Falha ID: 46224
========================================================================================
-> Falha ID: 46225
========================================================================================
-> Falha ID: 46226
========================================================================================
-> Falha ID: 46227
========================================================================================
-> Falha ID: 46228
========================================================================================
-> Falha ID: 46229
========================================================================================
-> Falha ID: 46230
========================================================================================
-> Falha ID: 46231
========================================================================================
-> Falha ID: 46232
========================================================================================
-> Falha ID: 46233
========================================================================================
-> Falha ID: 46234
========================================================================================
-> Falha ID: 46235
========================================================================================
-> Falha ID: 46236
========================================================================================
-> Falha ID: 46237
========================================================================================
-> Falha ID: 46238
========================================================================================
-> Falha ID: 46239
========================================================================================
-> Falha ID: 46240
========================================================================================
-> Falha ID: 46241
========================================================================================
-> Falha ID: 46242
========================================================================================
-> Falha ID: 46243
========================================================================================
-> Falha ID: 46244
========================================================================================
-> Falha ID: 46245
========================================================================================
-> Falha ID: 46246
========================================================================================
-> Falha ID: 46247
========================================================================================
-> Falha ID: 46248
========================================================================================
-> Falha ID: 46249
========================================================================================
-> Falha ID: 46250
========================================================================================
-> Falha ID: 46251
========================================================================================
-> Falha ID: 46252
========================================================================================
-> Falha ID: 46253
========================================================================================
-> Falha ID: 46254
========================================================================================
-> Falha ID: 46255
========================================================================================
-> Falha ID: 46256
========================================================================================
-> Falha ID: 46257
========================================================================================
-> Falha ID: 46258
========================================================================================
-> Falha ID: 46259
========================================================================================
-> Falha ID: 46260
========================================================================================
-> Falha ID: 46261
========================================================================================
-> Falha ID: 46262
========================================================================================
-> Falha ID: 46263
========================================================================================
-> Falha ID: 46264
========================================================================================
-> Falha ID: 46265
========================================================================================
-> Falha ID: 46266
========================================================================================
-> Falha ID: 46267
========================================================================================
-> Falha ID: 46268
========================================================================================
[...]
-> Falha ID: 49816
========================================================================================
-> Falha ID: 49817
========================================================================================
-> Falha ID: 49818
========================================================================================
-> Falha ID: 49819
========================================================================================
-> Falha ID: 49820
========================================================================================
-> Falha ID: 49821
========================================================================================
-> Falha ID: 49822
========================================================================================
-> Falha ID: 49823
========================================================================================
-> Falha ID: 49824
========================================================================================
-> Falha ID: 49825
========================================================================================
-> Falha ID: 49826
========================================================================================
-> Falha ID: 49827
========================================================================================
-> Falha ID: 49828
========================================================================================
-> Falha ID: 49829
========================================================================================
-> Falha ID: 49830
========================================================================================
-> Falha ID: 49831
========================================================================================
-> Falha ID: 49832
========================================================================================
-> Falha ID: 49833
========================================================================================
-> Falha ID: 49834
========================================================================================
-> Falha ID: 49835
========================================================================================
-> Falha ID: 49836
========================================================================================
-> Falha ID: 49837
========================================================================================
-> Falha ID: 49838
========================================================================================
-> Falha ID: 49839
========================================================================================
-> Falha ID: 49840
========================================================================================
-> Falha ID: 49841
========================================================================================
-> Falha ID: 49842
========================================================================================
-> Falha ID: 49843
========================================================================================
-> Falha ID: 49844
========================================================================================
-> Falha ID: 49845
========================================================================================
-> Falha ID: 49846
========================================================================================
-> Falha ID: 49847
========================================================================================
-> Falha ID: 49848
========================================================================================
-> Falha ID: 49849
========================================================================================
-> Falha ID: 49850
========================================================================================
-> Falha ID: 49851
========================================================================================
-> Falha ID: 49852
========================================================================================
-> Falha ID: 49853
========================================================================================
-> Falha ID: 49854
========================================================================================
-> Falha ID: 49855
========================================================================================
-> Falha ID: 49856
========================================================================================
-> Falha ID: 49857
========================================================================================
-> Falha ID: 49858
========================================================================================
-> Falha ID: 49859
========================================================================================
-> Falha ID: 49860
========================================================================================
-> Falha ID: 49861
========================================================================================
-> Falha ID: 49862
========================================================================================
-> Falha ID: 49863
========================================================================================
-> Falha ID: 49864
========================================================================================
-> Falha ID: 49865
========================================================================================
-> Falha ID: 49866
========================================================================================
-> Falha ID: 49867
========================================================================================
-> Falha ID: 49868
========================================================================================
-> Falha ID: 49869
========================================================================================
-> Falha ID: 49870
========================================================================================
-> Falha ID: 49871
========================================================================================
-> Falha ID: 49872
========================================================================================
-> Falha ID: 49873
========================================================================================
-> Falha ID: 49874
========================================================================================
-> Falha ID: 49875
========================================================================================
-> Falha ID: 49876
========================================================================================
-> Falha ID: 49877
========================================================================================
-> Falha ID: 49878
========================================================================================
-> Falha ID: 49879
========================================================================================
-> Falha ID: 49880
========================================================================================
-> Falha ID: 49881
========================================================================================
-> Falha ID: 49882
========================================================================================
-> Falha ID: 49883
========================================================================================
-> Falha ID: 49884
========================================================================================
-> Falha ID: 49885
========================================================================================
-> Falha ID: 49886
========================================================================================
-> Falha ID: 49887
========================================================================================
-> Falha ID: 49888
========================================================================================
-> Falha ID: 49889
========================================================================================
-> Falha ID: 49890
========================================================================================
-> Falha ID: 49891
========================================================================================
-> Falha ID: 49892
========================================================================================
-> Falha ID: 49893
========================================================================================
-> Falha ID: 49894
========================================================================================
-> Falha ID: 49895
========================================================================================
-> Falha ID: 49896
========================================================================================
-> Falha ID: 49897
========================================================================================
-> Falha ID: 49898
========================================================================================
-> Falha ID: 49899
========================================================================================
-> Falha ID: 49900
========================================================================================
-> Falha ID: 49901
========================================================================================
-> Falha ID: 49902
========================================================================================
-> Falha ID: 49903
========================================================================================
-> Falha ID: 49904
========================================================================================
-> Falha ID: 49905
========================================================================================
-> Falha ID: 49906
========================================================================================
-> Falha ID: 49907
========================================================================================
-> Falha ID: 49908
========================================================================================
-> Falha ID: 49909
========================================================================================
-> Falha ID: 49910
========================================================================================
-> Falha ID: 49911
========================================================================================
-> Falha ID: 49912
========================================================================================
-> Falha ID: 49913
========================================================================================
-> Falha ID: 49914
========================================================================================
-> Falha ID: 49915
========================================================================================
-> Falha ID: 49916
========================================================================================
-> Falha ID: 49917
========================================================================================
-> Falha ID: 49918
========================================================================================
-> Falha ID: 49919
========================================================================================
-> Falha ID: 49920
========================================================================================
-> Falha ID: 49921
========================================================================================
-> Falha ID: 49922
========================================================================================
-> Falha ID: 49923
========================================================================================
-> Falha ID: 49924
========================================================================================
-> Falha ID: 49925
========================================================================================
-> Falha ID: 49926
========================================================================================
-> Falha ID: 49927
========================================================================================
-> Falha ID: 49928
========================================================================================
-> Falha ID: 49929
========================================================================================
-> Falha ID: 49930
========================================================================================
-> Falha ID: 49931
========================================================================================
-> Falha ID: 49932
========================================================================================
-> Falha ID: 49933
========================================================================================
-> Falha ID: 49934
========================================================================================
-> Falha ID: 49935
========================================================================================
-> Falha ID: 49936
========================================================================================
-> Falha ID: 49937
========================================================================================
-> Falha ID: 49938
========================================================================================
-> Falha ID: 49939
========================================================================================
-> Falha ID: 49940
========================================================================================
-> Falha ID: 49941
========================================================================================
-> Falha ID: 49942
========================================================================================
-> Falha ID: 49943
========================================================================================
-> Falha ID: 49944
========================================================================================
-> Falha ID: 49945
========================================================================================
-> Falha ID: 49946
========================================================================================
-> Falha ID: 49947
========================================================================================
-> Falha ID: 49948
========================================================================================
-> Falha ID: 49949
========================================================================================
-> Falha ID: 49950
========================================================================================
-> Falha ID: 49951
========================================================================================
-> Falha ID: 49952
========================================================================================
-> Falha ID: 49953
========================================================================================
-> Falha ID: 49954
========================================================================================
-> Falha ID: 49955
========================================================================================
-> Falha ID: 49956
========================================================================================
-> Falha ID: 49957
========================================================================================
-> Falha ID: 49958
========================================================================================
-> Falha ID: 49959
========================================================================================
-> Falha ID: 49960
========================================================================================
-> Falha ID: 49961
========================================================================================
-> Falha ID: 49962
========================================================================================
-> Falha ID: 49963
========================================================================================
-> Falha ID: 49964
========================================================================================
-> Falha ID: 49965
========================================================================================
-> Falha ID: 49966
========================================================================================
-> Falha ID: 49967
========================================================================================
-> Falha ID: 49968
========================================================================================
-> Falha ID: 49969
========================================================================================
-> Falha ID: 49970
========================================================================================
-> Falha ID: 49971
========================================================================================
-> Falha ID: 49972
========================================================================================
-> Falha ID: 49973
========================================================================================
-> Falha ID: 49974
========================================================================================
-> Falha ID: 49975
========================================================================================
-> Falha ID: 49976
========================================================================================
-> Falha ID: 49977
========================================================================================
-> Falha ID: 49978
========================================================================================
-> Falha ID: 49979
========================================================================================
-> Falha ID: 49980
========================================================================================
-> Falha ID: 49981
========================================================================================
-> Falha ID: 49982
========================================================================================
-> Falha ID: 49983
========================================================================================
-> Falha ID: 49984
========================================================================================
-> Falha ID: 49985
========================================================================================
-> Falha ID: 49986
========================================================================================
-> Falha ID: 49987
========================================================================================
-> Falha ID: 49988
========================================================================================
-> Falha ID: 49989
========================================================================================
-> Falha ID: 49990
========================================================================================
Sem Vendas: 49991
========================================================================================
Sem Vendas: 49992
========================================================================================
-> Falha ID: 49993
========================================================================================
-> Falha ID: 49994
========================================================================================
-> Falha ID: 49995
========================================================================================
-> Falha ID: 49996
========================================================================================
-> Falha ID: 49997
========================================================================================
-> Falha ID: 49998
========================================================================================
-> Falha ID: 49999
========================================================================================
http://historyreborn.net/?module=item&action=view&id=50000
]]></system-out>
  </testcase>
</testsuite>