<?xml version="1.0" encoding="UTF-8"?>
<testsuite xmlns:xsi="http://www.w3.org/2001/XMLSchema-instance" xsi:noNamespaceSchemaLocation="https://maven.apache.org/surefire/maven-surefire-plugin/xsd/surefire-test-report-3.0.xsd" version="3.0" name="nexoos.Extrato" time="102.283" tests="1" errors="0" skipped="0" failures="0">
  <properties>
[...]
</properties>
  <testcase name="ConsultarExtrato" classname="nexoos.Extrato" time="93.945">
    <system-out><![CDATA[-----31 de janeiro de 2026 | 0.15 | R$ 0,15
-----30 de janeiro de 2026 | 274.8 | R$ 274,80
-----29 de janeiro de 2026 | 259.89 | R$ 259,89
-----28 de janeiro de 2026 | 213.78 | R$ 213,78
-----27 de janeiro de 2026 | 597.38 | R$ 597,38
-----26 de janeiro de 2026 | 227.2 | R$ 227,20
-----24 de janeiro de 2026 | 0.15 | R$ 0,15
-----23 de janeiro de 2026 | 85.72 | R$ 85,72
-----22 de janeiro de 2026 | 212.24 | R$ 212,24
-----21 de janeiro de 2026 | 73.53 | R$ 73,53
-----20 de janeiro de 2026 | 571.92 | R$ 571,92
-----19 de janeiro de 2026 | 106.3 | R$ 106,30
-----17 de janeiro de 2026 | 0.14 | R$ 0,14
-----16 de janeiro de 2026 | 51.91 | R$ 51,91
-----15 de janeiro de 2026 | 128.89 | R$ 128,89
-----14 de janeiro de 2026 | 0.15 | R$ 0,15
-----13 de janeiro de 2026 | 645.42 | R$ 645,42
-----12 de janeiro de 2026 | 262.46 | R$ 262,46
-----10 de janeiro de 2026 | 0.15 | R$ 0,15
-----9 de janeiro de 2026 | 231.93 | R$ 231,93
-----8 de janeiro de 2026 | 113.27 | R$ 113,27
-----7 de janeiro de 2026 | 240.75 | R$ 240,75
-----6 de janeiro de 2026 | 308.32 | R$ 308,32
-----3 de janeiro de 2026 | 1.92 | R$ 1,92
-----2 de janeiro de 2026 | 547.14 | R$ 547,14
]]></system-out>
  </testcase>
</testsuite>