<?xml version="1.0" encoding="UTF-8"?>
<testng-results ignored="0" total="1" passed="1" failed="0" skipped="0">
  <reporter-output>
  </reporter-output>
  <suite started-at="2026-02-27T12:53:36 BRT" name="Surefire suite" finished-at="2026-02-27T12:55:10 BRT" duration-ms="94305">
    <groups>
    </groups>
    <test started-at="2026-02-27T12:53:36 BRT" name="Surefire test" finished-at="2026-02-27T12:55:10 BRT" duration-ms="94305">
      <class name="nexoos.Extrato">
        <test-method is-config="true" signature="launchBrowser()[pri:0, instance:nexoos.Extrato@fdefd3f]" started-at="2026-02-27T12:53:36 BRT" name="launchBrowser" finished-at="2026-02-27T12:53:44 BRT" duration-ms="7733" status="PASS">
          <reporter-output>
          </reporter-output>
        </test-method> <!-- launchBrowser -->
        <test-method is-config="true" signature="createContextAndPage()[pri:0, instance:nexoos.Extrato@fdefd3f]" started-at="2026-02-27T12:53:44 BRT" name="createContextAndPage" finished-at="2026-02-27T12:53:44 BRT" duration-ms="56" status="PASS">
          <reporter-output>
          </reporter-output>
        </test-method> <!-- createContextAndPage -->
        <test-method signature="ConsultarExtrato()[pri:0, instance:nexoos.Extrato@fdefd3f]" started-at="2026-02-27T12:53:44 BRT" name="ConsultarExtrato" finished-at="2026-02-27T12:55:10 BRT" duration-ms="86481" status="PASS">
          <reporter-output>
          </reporter-output>
        </test-method> <!-- ConsultarExtrato -->
        <test-method is-config="true" signature="closeContext()[pri:0, instance:nexoos.Extrato@fdefd3f]" started-at="2026-02-27T12:55:10 BRT" name="closeContext" finished-at="2026-02-27T12:55:10 BRT" duration-ms="1" status="PASS">
          <reporter-output>
          </reporter-output>
        </test-method> <!-- closeContext -->
        <test-method is-config="true" signature="closeBrowser()[pri:0, instance:nexoos.Extrato@fdefd3f]" started-at="2026-02-27T12:55:10 BRT" name="closeBrowser" finished-at="2026-02-27T12:55:10 BRT" duration-ms="0" status="PASS">
          <reporter-output>
          </reporter-output>
        </test-method> <!-- closeBrowser -->
      </class> <!-- nexoos.Extrato -->
    </test> <!-- Surefire test -->
  </suite> <!-- Surefire suite -->
</testng-results>
