<?xml version="1.0" encoding="UTF-8"?>
<testsuite xmlns:xsi="http://www.w3.org/2001/XMLSchema-instance" xsi:noNamespaceSchemaLocation="https://maven.apache.org/surefire/maven-surefire-plugin/xsd/surefire-test-report-3.0.xsd" version="3.0" name="rag.Compra" time="392.533" tests="1" errors="0" skipped="0" failures="1">
  <properties>
[...]
</properties>
  <testcase name="MonitorarItem3" classname="rag.Compra" time="384.67">
    <failure message="Error {&#10;  message=&apos;Browser closed.&#10;==================== Browser output: ====================&#10;&lt;launching&gt; C:\Users\Helio\AppData\Local\ms-playwright\chromium-1076\chrome-win\chrome.exe --disable-field-trial-config --disable-background-networking --enable-features=NetworkService,NetworkServiceInProcess --disable-background-timer-throttling --disable-backgrounding-occluded-windows --disable-back-forward-cache --disable-breakpad --disable-client-side-phishing-detection --disable-component-extensions-with-background-pages --disable-component-update --no-default-browser-check --disable-default-apps --disable-dev-shm-usage --disable-extensions --disable-features=ImprovedCookieControls,LazyFrameLoading,GlobalMediaControls,DestroyProfileOnBrowserClose,MediaRouter,DialMediaRouteProvider,AcceptCHFrame,AutoExpandDetailsElement,CertificateTransparencyComponentUpdater,AvoidUnnecessaryBeforeUnloadCheckSync,Translate --allow-pre-commit-input --disable-hang-monitor --disable-ipc-flooding-protection --disable-popup-blocking --disable-prompt-on-repost --disable-renderer-backgrounding --force-color-profile=srgb --metrics-recording-only --no-first-run --enable-automation --password-store=basic --use-mock-keychain --no-service-autorun --export-tagged-pdf --no-sandbox --user-data-dir=C:\Users\Helio\AppData\Local\Temp\playwright_chromiumdev_profile-DkPkY1 --remote-debugging-pipe --no-startup-window&#10;&lt;launched&gt; pid=24068&#10;[pid=24068][err] [24068:24036:0204/125741.661:ERROR:chrome_browser_cloud_management_controller.cc(163)] Cloud management controller initialization aborted as CBCM is not enabled.&#10;[pid=24068][err] [24068:24036:0204/125744.283:ERROR:device_event_log_impl.cc(222)] [12:57:44.282] USB: usb_service_win.cc:415 Could not read device interface GUIDs: O sistema n�o pode encontrar o arquivo especificado. (0x2)&#10;  name=&apos;Error&#10;  stack=&apos;Error: Browser closed.&#10;==================== Browser output: ====================&#10;&lt;launching&gt; C:\Users\Helio\AppData\Local\ms-playwright\chromium-1076\chrome-win\chrome.exe --disable-field-trial-config --disable-background-networking --enable-features=NetworkService,NetworkServiceInProcess --disable-background-timer-throttling --disable-backgrounding-occluded-windows --disable-back-forward-cache --disable-breakpad --disable-client-side-phishing-detection --disable-component-extensions-with-background-pages --disable-component-update --no-default-browser-check --disable-default-apps --disable-dev-shm-usage --disable-extensions --disable-features=ImprovedCookieControls,LazyFrameLoading,GlobalMediaControls,DestroyProfileOnBrowserClose,MediaRouter,DialMediaRouteProvider,AcceptCHFrame,AutoExpandDetailsElement,CertificateTransparencyComponentUpdater,AvoidUnnecessaryBeforeUnloadCheckSync,Translate --allow-pre-commit-input --disable-hang-monitor --disable-ipc-flooding-protection --disable-popup-blocking --disable-prompt-on-repost --disable-renderer-backgrounding --force-color-profile=srgb --metrics-recording-only --no-first-run --enable-automation --password-store=basic --use-mock-keychain --no-service-autorun --export-tagged-pdf --no-sandbox --user-data-dir=C:\Users\Helio\AppData\Local\Temp\playwright_chromiumdev_profile-DkPkY1 --remote-debugging-pipe --no-startup-window&#10;&lt;launched&gt; pid=24068&#10;[pid=24068][err] [24068:24036:0204/125741.661:ERROR:chrome_browser_cloud_management_controller.cc(163)] Cloud management controller initialization aborted as CBCM is not enabled.&#10;[pid=24068][err] [24068:24036:0204/125744.283:ERROR:device_event_log_impl.cc(222)] [12:57:44.282] USB: usb_service_win.cc:415 Could not read device interface GUIDs: O sistema n�o pode encontrar o arquivo especificado. (0x2)&#10;    at C:\Users\Helio\AppData\Local\Temp\playwright-java-11169610459953064188\package\lib\server\chromium\crConnection.js:169:16&#10;    at new Promise (&lt;anonymous&gt;)&#10;    at CRSession.send (C:\Users\Helio\AppData\Local\Temp\playwright-java-11169610459953064188\package\lib\server\chromium\crConnection.js:165:12)&#10;    at CRBrowserContext.doClose (C:\Users\Helio\AppData\Local\Temp\playwright-java-11169610459953064188\package\lib\server\chromium\crBrowser.js:456:34)&#10;    at async CRBrowserContext.close (C:\Users\Helio\AppData\Local\Temp\playwright-java-11169610459953064188\package\lib\server\browserContext.js:342:9)&#10;    at async BrowserContextDispatcher.close (C:\Users\Helio\AppData\Local\Temp\playwright-java-11169610459953064188\package\lib\server\dispatchers\browserContextDispatcher.js:253:5)&#10;    at async DispatcherConnection.dispatch (C:\Users\Helio\AppData\Local\Temp\playwright-java-11169610459953064188\package\lib\server\dispatchers\dispatcher.js:313:22)&#10;}" type="com.microsoft.playwright.PlaywrightException"><![CDATA[com.microsoft.playwright.PlaywrightException: 
Error {
  message='Browser closed.
==================== Browser output: ====================
<launching> C:\Users\Helio\AppData\Local\ms-playwright\chromium-1076\chrome-win\chrome.exe --disable-field-trial-config --disable-background-networking --enable-features=NetworkService,NetworkServiceInProcess --disable-background-timer-throttling --disable-backgrounding-occluded-windows --disable-back-forward-cache --disable-breakpad --disable-client-side-phishing-detection --disable-component-extensions-with-background-pages --disable-component-update --no-default-browser-check --disable-default-apps --disable-dev-shm-usage --disable-extensions --disable-features=ImprovedCookieControls,LazyFrameLoading,GlobalMediaControls,DestroyProfileOnBrowserClose,MediaRouter,DialMediaRouteProvider,AcceptCHFrame,AutoExpandDetailsElement,CertificateTransparencyComponentUpdater,AvoidUnnecessaryBeforeUnloadCheckSync,Translate --allow-pre-commit-input --disable-hang-monitor --disable-ipc-flooding-protection --disable-popup-blocking --disable-prompt-on-repost --disable-renderer-backgrounding --force-color-profile=srgb --metrics-recording-only --no-first-run --enable-automation --password-store=basic --use-mock-keychain --no-service-autorun --export-tagged-pdf --no-sandbox --user-data-dir=C:\Users\Helio\AppData\Local\Temp\playwright_chromiumdev_profile-DkPkY1 --remote-debugging-pipe --no-startup-window
<launched> pid=24068
[pid=24068][err] [24068:24036:0204/125741.661:ERROR:chrome_browser_cloud_management_controller.cc(163)] Cloud management controller initialization aborted as CBCM is not enabled.
[pid=24068][err] [24068:24036:0204/125744.283:ERROR:device_event_log_impl.cc(222)] [12:57:44.282] USB: usb_service_win.cc:415 Could not read device interface GUIDs: O sistema n�o pode encontrar o arquivo especificado. (0x2)
  name='Error
  stack='Error: Browser closed.
==================== Browser output: ====================
<launching> C:\Users\Helio\AppData\Local\ms-playwright\chromium-1076\chrome-win\chrome.exe --disable-field-trial-config --disable-background-networking --enable-features=NetworkService,NetworkServiceInProcess --disable-background-timer-throttling --disable-backgrounding-occluded-windows --disable-back-forward-cache --disable-breakpad --disable-client-side-phishing-detection --disable-component-extensions-with-background-pages --disable-component-update --no-default-browser-check --disable-default-apps --disable-dev-shm-usage --disable-extensions --disable-features=ImprovedCookieControls,LazyFrameLoading,GlobalMediaControls,DestroyProfileOnBrowserClose,MediaRouter,DialMediaRouteProvider,AcceptCHFrame,AutoExpandDetailsElement,CertificateTransparencyComponentUpdater,AvoidUnnecessaryBeforeUnloadCheckSync,Translate --allow-pre-commit-input --disable-hang-monitor --disable-ipc-flooding-protection --disable-popup-blocking --disable-prompt-on-repost --disable-renderer-backgrounding --force-color-profile=srgb --metrics-recording-only --no-first-run --enable-automation --password-store=basic --use-mock-keychain --no-service-autorun --export-tagged-pdf --no-sandbox --user-data-dir=C:\Users\Helio\AppData\Local\Temp\playwright_chromiumdev_profile-DkPkY1 --remote-debugging-pipe --no-startup-window
<launched> pid=24068
[pid=24068][err] [24068:24036:0204/125741.661:ERROR:chrome_browser_cloud_management_controller.cc(163)] Cloud management controller initialization aborted as CBCM is not enabled.
[pid=24068][err] [24068:24036:0204/125744.283:ERROR:device_event_log_impl.cc(222)] [12:57:44.282] USB: usb_service_win.cc:415 Could not read device interface GUIDs: O sistema n�o pode encontrar o arquivo especificado. (0x2)
    at C:\Users\Helio\AppData\Local\Temp\playwright-java-11169610459953064188\package\lib\server\chromium\crConnection.js:169:16
    at new Promise (<anonymous>)
    at CRSession.send (C:\Users\Helio\AppData\Local\Temp\playwright-java-11169610459953064188\package\lib\server\chromium\crConnection.js:165:12)
    at CRBrowserContext.doClose (C:\Users\Helio\AppData\Local\Temp\playwright-java-11169610459953064188\package\lib\server\chromium\crBrowser.js:456:34)
    at async CRBrowserContext.close (C:\Users\Helio\AppData\Local\Temp\playwright-java-11169610459953064188\package\lib\server\browserContext.js:342:9)
    at async BrowserContextDispatcher.close (C:\Users\Helio\AppData\Local\Temp\playwright-java-11169610459953064188\package\lib\server\dispatchers\browserContextDispatcher.js:253:5)
    at async DispatcherConnection.dispatch (C:\Users\Helio\AppData\Local\Temp\playwright-java-11169610459953064188\package\lib\server\dispatchers\dispatcher.js:313:22)
}
	at com.microsoft.playwright.impl.WaitableResult.get(WaitableResult.java:54)
	at com.microsoft.playwright.impl.ChannelOwner.runUntil(ChannelOwner.java:111)
	at com.microsoft.playwright.impl.Connection.sendMessage(Connection.java:126)
	at com.microsoft.playwright.impl.ChannelOwner.sendMessage(ChannelOwner.java:102)
	at com.microsoft.playwright.impl.ChannelOwner.sendMessage(ChannelOwner.java:98)
	at com.microsoft.playwright.impl.BrowserContextImpl.closeImpl(BrowserContextImpl.java:267)
	at com.microsoft.playwright.impl.BrowserContextImpl.lambda$close$1(BrowserContextImpl.java:235)
	at com.microsoft.playwright.impl.LoggingSupport.lambda$withLogging$0(LoggingSupport.java:36)
	at com.microsoft.playwright.impl.LoggingSupport.withLogging(LoggingSupport.java:47)
	at com.microsoft.playwright.impl.ChannelOwner.withLogging(ChannelOwner.java:87)
	at com.microsoft.playwright.impl.LoggingSupport.withLogging(LoggingSupport.java:35)
	at com.microsoft.playwright.impl.BrowserContextImpl.close(BrowserContextImpl.java:235)
	at rag.Compra.MonitorarItem3(Compra.java:93)
	at java.base/jdk.internal.reflect.DirectMethodHandleAccessor.invoke(DirectMethodHandleAccessor.java:103)
	at java.base/java.lang.reflect.Method.invoke(Method.java:580)
	at org.testng.internal.MethodInvocationHelper.invokeMethod(MethodInvocationHelper.java:133)
	at org.testng.internal.TestInvoker.invokeMethod(TestInvoker.java:598)
	at org.testng.internal.TestInvoker.invokeTestMethod(TestInvoker.java:173)
	at org.testng.internal.MethodRunner.runInSequence(MethodRunner.java:46)
	at org.testng.internal.TestInvoker$MethodInvocationAgent.invoke(TestInvoker.java:824)
	at org.testng.internal.TestInvoker.invokeTestMethods(TestInvoker.java:146)
	at org.testng.internal.TestMethodWorker.invokeTestMethods(TestMethodWorker.java:146)
	at org.testng.internal.TestMethodWorker.run(TestMethodWorker.java:128)
	at java.base/java.util.ArrayList.forEach(ArrayList.java:1596)
	at org.testng.TestRunner.privateRun(TestRunner.java:794)
	at org.testng.TestRunner.run(TestRunner.java:596)
	at org.testng.SuiteRunner.runTest(SuiteRunner.java:377)
	at org.testng.SuiteRunner.runSequentially(SuiteRunner.java:371)
	at org.testng.SuiteRunner.privateRun(SuiteRunner.java:332)
	at org.testng.SuiteRunner.run(SuiteRunner.java:276)
	at org.testng.SuiteRunnerWorker.runSuite(SuiteRunnerWorker.java:53)
	at org.testng.SuiteRunnerWorker.run(SuiteRunnerWorker.java:96)
	at org.testng.TestNG.runSuitesSequentially(TestNG.java:1212)
	at org.testng.TestNG.runSuitesLocally(TestNG.java:1134)
	at org.testng.TestNG.runSuites(TestNG.java:1063)
	at org.testng.TestNG.run(TestNG.java:1031)
	at org.apache.maven.surefire.testng.TestNGExecutor.run(TestNGExecutor.java:155)
	at org.apache.maven.surefire.testng.TestNGDirectoryTestSuite.executeSingleClass(TestNGDirectoryTestSuite.java:102)
	at org.apache.maven.surefire.testng.TestNGDirectoryTestSuite.execute(TestNGDirectoryTestSuite.java:91)
	at org.apache.maven.surefire.testng.TestNGProvider.invoke(TestNGProvider.java:137)
	at org.apache.maven.surefire.booter.ForkedBooter.runSuitesInProcess(ForkedBooter.java:385)
	at org.apache.maven.surefire.booter.ForkedBooter.execute(ForkedBooter.java:162)
	at org.apache.maven.surefire.booter.ForkedBooter.run(ForkedBooter.java:507)
	at org.apache.maven.surefire.booter.ForkedBooter.main(ForkedBooter.java:495)
Caused by: com.microsoft.playwright.impl.DriverException: Error {
  message='Browser closed.
==================== Browser output: ====================
<launching> C:\Users\Helio\AppData\Local\ms-playwright\chromium-1076\chrome-win\chrome.exe --disable-field-trial-config --disable-background-networking --enable-features=NetworkService,NetworkServiceInProcess --disable-background-timer-throttling --disable-backgrounding-occluded-windows --disable-back-forward-cache --disable-breakpad --disable-client-side-phishing-detection --disable-component-extensions-with-background-pages --disable-component-update --no-default-browser-check --disable-default-apps --disable-dev-shm-usage --disable-extensions --disable-features=ImprovedCookieControls,LazyFrameLoading,GlobalMediaControls,DestroyProfileOnBrowserClose,MediaRouter,DialMediaRouteProvider,AcceptCHFrame,AutoExpandDetailsElement,CertificateTransparencyComponentUpdater,AvoidUnnecessaryBeforeUnloadCheckSync,Translate --allow-pre-commit-input --disable-hang-monitor --disable-ipc-flooding-protection --disable-popup-blocking --disable-prompt-on-repost --disable-renderer-backgrounding --force-color-profile=srgb --metrics-recording-only --no-first-run --enable-automation --password-store=basic --use-mock-keychain --no-service-autorun --export-tagged-pdf --no-sandbox --user-data-dir=C:\Users\Helio\AppData\Local\Temp\playwright_chromiumdev_profile-DkPkY1 --remote-debugging-pipe --no-startup-window
<launched> pid=24068
[pid=24068][err] [24068:24036:0204/125741.661:ERROR:chrome_browser_cloud_management_controller.cc(163)] Cloud management controller initialization aborted as CBCM is not enabled.
[pid=24068][err] [24068:24036:0204/125744.283:ERROR:device_event_log_impl.cc(222)] [12:57:44.282] USB: usb_service_win.cc:415 Could not read device interface GUIDs: O sistema n�o pode encontrar o arquivo especificado. (0x2)
  name='Error
  stack='Error: Browser closed.
==================== Browser output: ====================
<launching> C:\Users\Helio\AppData\Local\ms-playwright\chromium-1076\chrome-win\chrome.exe --disable-field-trial-config --disable-background-networking --enable-features=NetworkService,NetworkServiceInProcess --disable-background-timer-throttling --disable-backgrounding-occluded-windows --disable-back-forward-cache --disable-breakpad --disable-client-side-phishing-detection --disable-component-extensions-with-background-pages --disable-component-update --no-default-browser-check --disable-default-apps --disable-dev-shm-usage --disable-extensions --disable-features=ImprovedCookieControls,LazyFrameLoading,GlobalMediaControls,DestroyProfileOnBrowserClose,MediaRouter,DialMediaRouteProvider,AcceptCHFrame,AutoExpandDetailsElement,CertificateTransparencyComponentUpdater,AvoidUnnecessaryBeforeUnloadCheckSync,Translate --allow-pre-commit-input --disable-hang-monitor --disable-ipc-flooding-protection --disable-popup-blocking --disable-prompt-on-repost --disable-renderer-backgrounding --force-color-profile=srgb --metrics-recording-only --no-first-run --enable-automation --password-store=basic --use-mock-keychain --no-service-autorun --export-tagged-pdf --no-sandbox --user-data-dir=C:\Users\Helio\AppData\Local\Temp\playwright_chromiumdev_profile-DkPkY1 --remote-debugging-pipe --no-startup-window
<launched> pid=24068
[pid=24068][err] [24068:24036:0204/125741.661:ERROR:chrome_browser_cloud_management_controller.cc(163)] Cloud management controller initialization aborted as CBCM is not enabled.
[pid=24068][err] [24068:24036:0204/125744.283:ERROR:device_event_log_impl.cc(222)] [12:57:44.282] USB: usb_service_win.cc:415 Could not read device interface GUIDs: O sistema n�o pode encontrar o arquivo especificado. (0x2)
    at C:\Users\Helio\AppData\Local\Temp\playwright-java-11169610459953064188\package\lib\server\chromium\crConnection.js:169:16
    at new Promise (<anonymous>)
    at CRSession.send (C:\Users\Helio\AppData\Local\Temp\playwright-java-11169610459953064188\package\lib\server\chromium\crConnection.js:165:12)
    at CRBrowserContext.doClose (C:\Users\Helio\AppData\Local\Temp\playwright-java-11169610459953064188\package\lib\server\chromium\crBrowser.js:456:34)
    at async CRBrowserContext.close (C:\Users\Helio\AppData\Local\Temp\playwright-java-11169610459953064188\package\lib\server\browserContext.js:342:9)
    at async BrowserContextDispatcher.close (C:\Users\Helio\AppData\Local\Temp\playwright-java-11169610459953064188\package\lib\server\dispatchers\browserContextDispatcher.js:253:5)
    at async DispatcherConnection.dispatch (C:\Users\Helio\AppData\Local\Temp\playwright-java-11169610459953064188\package\lib\server\dispatchers\dispatcher.js:313:22)
}
	at com.microsoft.playwright.impl.Connection.dispatch(Connection.java:226)
	at com.microsoft.playwright.impl.Connection.processOneMessage(Connection.java:206)
	at com.microsoft.playwright.impl.ChannelOwner.runUntil(ChannelOwner.java:109)
	... 42 more
]]></failure>
    <system-out><![CDATA[
Resultado:[]
========================================================================================
1 - Nome: Moeda de Instância | id: 30010 | precoRop: 40c | precoZenny: 5.000.000z
Valor Atual: 43c | Esperado: 38c
Valor Atual: -1z | Esperado: 2.000.000z
========================================================================================
2 - Nome: Anti Tudo [Ultimate] II | id: 70146 | precoRop: 395c | precoZenny: 1z
Valor Atual: 397c | Esperado: 394c
Valor Atual: -1z | Esperado: 1z
========================================================================================
3 - Nome: Ametista | id: 719 | precoRop: 23c | precoZenny: 1z
Valor Atual: 23c | Esperado: 22c
Valor Atual: -1z | Esperado: 1z
========================================================================================
4 - Nome: Etel Amber | id: 1000328 | precoRop: 130c | precoZenny: 1z
Valor Atual: 135c | Esperado: 129c
Valor Atual: -1z | Esperado: 1.000z
========================================================================================
5 - Nome: Etel Amethyst | id: 1000327 | precoRop: 100c | precoZenny: 1z
Valor Atual: 105c | Esperado: 99c
Valor Atual: -1z | Esperado: 1.000z
========================================================================================
6 - Nome: Etel Topaz | id: 1000326 | precoRop: 55c | precoZenny: 1z
Valor Atual: 52c | Esperado: 51c
Valor Atual: -1z | Esperado: 1.000z
========================================================================================
7 - Nome: Etel Aquamarine | id: 1000325 | precoRop: 29c | precoZenny: 1z
Valor Atual: 28c | Esperado: 27c
Valor Atual: -1z | Esperado: 1.000z
========================================================================================
8 - Nome: Jewelry Ant Card | id: 300006 | precoRop: 6.650c | precoZenny: 1z
Valor Atual: 6.650c | Esperado: 6.649c
Valor Atual: -1z | Esperado: 1.000z
========================================================================================
9 - Nome: Essência Lapine 1ª Linha  | id: 47083 | precoRop: 9.999c | precoZenny: 9.000.000z
Valor Atual: 9.999c | Esperado: 9.998c
Valor Atual: -1z | Esperado: 7.000.000z

----------------------------------------------------------------


Comprar? false
========================================================================================
1 - Nome: Moeda de Instância | id: 30010 | precoRop: 40c | precoZenny: 5.000.000z
Valor Atual: 43c | Esperado: 38c
Valor Atual: -1z | Esperado: 2.000.000z
========================================================================================
2 - Nome: Anti Tudo [Ultimate] II | id: 70146 | precoRop: 395c | precoZenny: 1z
Valor Atual: 397c | Esperado: 394c
Valor Atual: -1z | Esperado: 1z
========================================================================================
3 - Nome: Ametista | id: 719 | precoRop: 23c | precoZenny: 1z
Valor Atual: 23c | Esperado: 22c
Valor Atual: -1z | Esperado: 1z
========================================================================================
4 - Nome: Etel Amber | id: 1000328 | precoRop: 130c | precoZenny: 1z
Valor Atual: 135c | Esperado: 129c
Valor Atual: -1z | Esperado: 1.000z
========================================================================================
5 - Nome: Etel Amethyst | id: 1000327 | precoRop: 100c | precoZenny: 1z
Valor Atual: 105c | Esperado: 99c
Valor Atual: -1z | Esperado: 1.000z
========================================================================================
6 - Nome: Etel Topaz | id: 1000326 | precoRop: 55c | precoZenny: 1z
Valor Atual: 52c | Esperado: 51c
Valor Atual: -1z | Esperado: 1.000z
========================================================================================
7 - Nome: Etel Aquamarine | id: 1000325 | precoRop: 29c | precoZenny: 1z
Valor Atual: 28c | Esperado: 27c
Valor Atual: -1z | Esperado: 1.000z
========================================================================================
8 - Nome: Jewelry Ant Card | id: 300006 | precoRop: 6.650c | precoZenny: 1z
Valor Atual: 6.650c | Esperado: 6.649c
Valor Atual: -1z | Esperado: 1.000z
========================================================================================
9 - Nome: Essência Lapine 1ª Linha  | id: 47083 | precoRop: 9.999c | precoZenny: 9.000.000z
Valor Atual: 9.999c | Esperado: 9.998c
Valor Atual: -1z | Esperado: 7.000.000z

----------------------------------------------------------------


Comprar? false
========================================================================================
1 - Nome: Moeda de Instância | id: 30010 | precoRop: 40c | precoZenny: 5.000.000z
Valor Atual: 43c | Esperado: 38c
Valor Atual: -1z | Esperado: 2.000.000z
========================================================================================
2 - Nome: Anti Tudo [Ultimate] II | id: 70146 | precoRop: 395c | precoZenny: 1z
Valor Atual: 397c | Esperado: 394c
Valor Atual: -1z | Esperado: 1z
========================================================================================
3 - Nome: Ametista | id: 719 | precoRop: 23c | precoZenny: 1z
Valor Atual: 23c | Esperado: 22c
Valor Atual: -1z | Esperado: 1z
========================================================================================
4 - Nome: Etel Amber | id: 1000328 | precoRop: 130c | precoZenny: 1z
Valor Atual: 135c | Esperado: 129c
Valor Atual: -1z | Esperado: 1.000z
========================================================================================
5 - Nome: Etel Amethyst | id: 1000327 | precoRop: 100c | precoZenny: 1z
Valor Atual: 105c | Esperado: 99c
Valor Atual: -1z | Esperado: 1.000z
========================================================================================
6 - Nome: Etel Topaz | id: 1000326 | precoRop: 55c | precoZenny: 1z
Valor Atual: 52c | Esperado: 51c
Valor Atual: -1z | Esperado: 1.000z
========================================================================================
7 - Nome: Etel Aquamarine | id: 1000325 | precoRop: 29c | precoZenny: 1z
Valor Atual: 28c | Esperado: 27c
Valor Atual: -1z | Esperado: 1.000z
========================================================================================
8 - Nome: Jewelry Ant Card | id: 300006 | precoRop: 6.650c | precoZenny: 1z
Valor Atual: 6.650c | Esperado: 6.649c
Valor Atual: -1z | Esperado: 1.000z
========================================================================================
9 - Nome: Essência Lapine 1ª Linha  | id: 47083 | precoRop: 9.999c | precoZenny: 9.000.000z
Valor Atual: 9.999c | Esperado: 9.998c
Valor Atual: -1z | Esperado: 7.000.000z

----------------------------------------------------------------


Comprar? false
========================================================================================
1 - Nome: Moeda de Instância | id: 30010 | precoRop: 40c | precoZenny: 5.000.000z
Valor Atual: 43c | Esperado: 38c
Valor Atual: -1z | Esperado: 2.000.000z
========================================================================================
2 - Nome: Anti Tudo [Ultimate] II | id: 70146 | precoRop: 395c | precoZenny: 1z
Valor Atual: 397c | Esperado: 394c
Valor Atual: -1z | Esperado: 1z
]]></system-out>
  </testcase>
</testsuite>