<?xml version="1.0" encoding="UTF-8"?>
<testng-results ignored="1" total="2" passed="1" failed="0" skipped="0">
  <reporter-output>
  </reporter-output>
  <suite started-at="2023-09-29T08:02:50 BRT" name="Default suite" finished-at="2023-09-29T08:03:00 BRT" duration-ms="10272">
    <groups>
    </groups>
    <test started-at="2023-09-29T08:02:50 BRT" name="Default test" finished-at="2023-09-29T08:03:00 BRT" duration-ms="10272">
      <class name="examples.JwtTest">
        <test-method is-config="true" signature="launchBrowser()[pri:0, instance:examples.JwtTest@f5acb9d]" started-at="2023-09-29T08:02:50 BRT" name="launchBrowser" finished-at="2023-09-29T08:02:54 BRT" duration-ms="3763" status="PASS">
          <reporter-output>
          </reporter-output>
        </test-method> <!-- launchBrowser -->
        <test-method is-config="true" signature="createContextAndPage()[pri:0, instance:examples.JwtTest@f5acb9d]" started-at="2023-09-29T08:02:54 BRT" name="createContextAndPage" finished-at="2023-09-29T08:02:54 BRT" duration-ms="0" status="PASS">
          <reporter-output>
          </reporter-output>
        </test-method> <!-- createContextAndPage -->
        <test-method signature="loginCliente2()[pri:0, instance:examples.JwtTest@f5acb9d]" started-at="2023-09-29T08:02:54 BRT" name="loginCliente2" finished-at="2023-09-29T08:03:00 BRT" duration-ms="6358" status="PASS">
          <reporter-output>
          </reporter-output>
        </test-method> <!-- loginCliente2 -->
        <test-method is-config="true" signature="closeContext()[pri:0, instance:examples.JwtTest@f5acb9d]" started-at="2023-09-29T08:03:00 BRT" name="closeContext" finished-at="2023-09-29T08:03:00 BRT" duration-ms="0" status="PASS">
          <reporter-output>
          </reporter-output>
        </test-method> <!-- closeContext -->
        <test-method is-config="true" signature="closeBrowser()[pri:0, instance:examples.JwtTest@f5acb9d]" started-at="2023-09-29T08:03:00 BRT" name="closeBrowser" finished-at="2023-09-29T08:03:00 BRT" duration-ms="124" status="PASS">
          <reporter-output>
          </reporter-output>
        </test-method> <!-- closeBrowser -->
      </class> <!-- examples.JwtTest -->
    </test> <!-- Default test -->
  </suite> <!-- Default suite -->
</testng-results>
